2023.07.04 17:59:07 INFO  Started: Metals version 0.11.12 in workspace 'D:\Computer Science\CS 2nd Year 1st Sem\SCS2204 Functional Programming\Tutorial 04' for client Visual Studio Code 1.79.2.
Jul 04, 2023 5:59:07 PM org.flywaydb.core.internal.license.VersionPrinter printVersionOnly
INFO: Flyway Community Edition 9.16.3 by Redgate
Jul 04, 2023 5:59:07 PM org.flywaydb.core.internal.license.VersionPrinter printVersion
INFO: See release notes here: https://rd.gt/416ObMi
Jul 04, 2023 5:59:07 PM org.flywaydb.core.internal.license.VersionPrinter printVersion
INFO: 
Jul 04, 2023 5:59:08 PM org.flywaydb.core.internal.database.base.BaseDatabaseType createDatabase
INFO: Database: jdbc:h2:file:D:\Computer Science\CS 2nd Year 1st Sem\SCS2204 Functional Programming\Tutorial 04\.metals\metals (H2 2.1)
Jul 04, 2023 5:59:08 PM org.flywaydb.core.internal.schemahistory.JdbcTableSchemaHistory allAppliedMigrations
INFO: Schema history table "PUBLIC"."flyway_schema_history" does not exist yet
Jul 04, 2023 5:59:08 PM org.flywaydb.core.internal.command.DbValidate validate
INFO: Successfully validated 4 migrations (execution time 00:00.055s)
Jul 04, 2023 5:59:08 PM org.flywaydb.core.internal.schemahistory.JdbcTableSchemaHistory create
INFO: Creating Schema History table "PUBLIC"."flyway_schema_history" ...
Jul 04, 2023 5:59:08 PM org.flywaydb.core.internal.command.DbMigrate migrateGroup
INFO: Current version of schema "PUBLIC": << Empty Schema >>
Jul 04, 2023 5:59:08 PM org.flywaydb.core.internal.command.DbMigrate doMigrateGroup
INFO: Migrating schema "PUBLIC" to version "1 - Create tables"
Jul 04, 2023 5:59:08 PM org.flywaydb.core.internal.command.DbMigrate doMigrateGroup
INFO: Migrating schema "PUBLIC" to version "2 - Server discovery"
Jul 04, 2023 5:59:08 PM org.flywaydb.core.internal.command.DbMigrate doMigrateGroup
INFO: Migrating schema "PUBLIC" to version "3 - Jar symbols"
Jul 04, 2023 5:59:09 PM org.flywaydb.core.internal.command.DbMigrate doMigrateGroup
INFO: Migrating schema "PUBLIC" to version "4 - Fingerprints"
Jul 04, 2023 5:59:09 PM org.flywaydb.core.internal.command.DbMigrate logSummary
INFO: Successfully applied 4 migrations to schema "PUBLIC", now at version v4 (execution time 00:00.212s)
2023.07.04 17:59:09 INFO  time: initialize in 1.8s
2023.07.04 17:59:10 WARN  Build server is not auto-connectable.
2023.07.04 17:59:10 WARN  no build tool detected in workspace 'D:\Computer Science\CS 2nd Year 1st Sem\SCS2204 Functional Programming\Tutorial 04'. The most common cause for this problem is that the editor was opened in the wrong working directory, for example if you use sbt then the workspace directory should contain build.sbt. 
2023.07.04 17:59:10 WARN  no build target for: D:\Computer Science\CS 2nd Year 1st Sem\SCS2204 Functional Programming\Tutorial 04\Q1.scala
2023.07.04 17:59:20 INFO  no build target found for D:\Computer Science\CS 2nd Year 1st Sem\SCS2204 Functional Programming\Tutorial 04\Q1.scala. Using presentation compiler with project's scala-library version: 3.2.2
2023.07.04 17:59:23 INFO  time: code lens generation in 12s
2023.07.04 17:59:23 INFO  time: code lens generation in 6.79s
2023.07.04 18:00:33 WARN  no build target for: D:\Computer Science\CS 2nd Year 1st Sem\SCS2204 Functional Programming\Tutorial 04\Q1.scala
Jul 04, 2023 6:00:36 PM org.eclipse.lsp4j.jsonrpc.RemoteEndpoint handleCancellation
WARNING: Unmatched cancel notification for request id 26
2023.07.04 18:00:38 WARN  no build target for: D:\Computer Science\CS 2nd Year 1st Sem\SCS2204 Functional Programming\Tutorial 04\Q1.scala
2023.07.04 18:00:40 WARN  no build target for: D:\Computer Science\CS 2nd Year 1st Sem\SCS2204 Functional Programming\Tutorial 04\Q1.scala
2023.07.04 18:01:44 WARN  no build target for: D:\Computer Science\CS 2nd Year 1st Sem\SCS2204 Functional Programming\Tutorial 04\Q1.scala
2023.07.04 18:01:47 WARN  no build target for: D:\Computer Science\CS 2nd Year 1st Sem\SCS2204 Functional Programming\Tutorial 04\Q1.scala
2023.07.04 18:01:49 WARN  no build target for: D:\Computer Science\CS 2nd Year 1st Sem\SCS2204 Functional Programming\Tutorial 04\Q1.scala
2023.07.04 18:01:52 WARN  no build target for: D:\Computer Science\CS 2nd Year 1st Sem\SCS2204 Functional Programming\Tutorial 04\Q1.scala
2023.07.04 18:01:53 WARN  no build target for: D:\Computer Science\CS 2nd Year 1st Sem\SCS2204 Functional Programming\Tutorial 04\Q1.scala
2023.07.04 18:02:00 WARN  no build target for: D:\Computer Science\CS 2nd Year 1st Sem\SCS2204 Functional Programming\Tutorial 04\Q1.scala
2023.07.04 18:02:02 WARN  no build target for: D:\Computer Science\CS 2nd Year 1st Sem\SCS2204 Functional Programming\Tutorial 04\Q1.scala
2023.07.04 18:02:11 WARN  no build target for: D:\Computer Science\CS 2nd Year 1st Sem\SCS2204 Functional Programming\Tutorial 04\Q1.scala
2023.07.04 18:02:25 WARN  no build target for: D:\Computer Science\CS 2nd Year 1st Sem\SCS2204 Functional Programming\Tutorial 04\Q1.scala
2023.07.04 18:02:28 WARN  no build target for: D:\Computer Science\CS 2nd Year 1st Sem\SCS2204 Functional Programming\Tutorial 04\Q1.scala
2023.07.04 18:02:34 WARN  no build target for: D:\Computer Science\CS 2nd Year 1st Sem\SCS2204 Functional Programming\Tutorial 04\Q1.scala
2023.07.04 18:02:38 WARN  no build target for: D:\Computer Science\CS 2nd Year 1st Sem\SCS2204 Functional Programming\Tutorial 04\Q1.scala
2023.07.04 18:02:53 WARN  no build target for: D:\Computer Science\CS 2nd Year 1st Sem\SCS2204 Functional Programming\Tutorial 04\Q1.scala
2023.07.04 18:02:56 WARN  no build target for: D:\Computer Science\CS 2nd Year 1st Sem\SCS2204 Functional Programming\Tutorial 04\Q1.scala
2023.07.04 18:02:58 WARN  no build target for: D:\Computer Science\CS 2nd Year 1st Sem\SCS2204 Functional Programming\Tutorial 04\Q1.scala
2023.07.04 18:03:00 WARN  no build target for: D:\Computer Science\CS 2nd Year 1st Sem\SCS2204 Functional Programming\Tutorial 04\Q1.scala
2023.07.04 18:03:14 WARN  no build target for: D:\Computer Science\CS 2nd Year 1st Sem\SCS2204 Functional Programming\Tutorial 04\Q1.scala
2023.07.04 18:03:27 WARN  no build target for: D:\Computer Science\CS 2nd Year 1st Sem\SCS2204 Functional Programming\Tutorial 04\Q1.scala
2023.07.04 18:03:30 WARN  no build target for: D:\Computer Science\CS 2nd Year 1st Sem\SCS2204 Functional Programming\Tutorial 04\Q1.scala
2023.07.04 18:03:32 WARN  no build target for: D:\Computer Science\CS 2nd Year 1st Sem\SCS2204 Functional Programming\Tutorial 04\Q1.scala
2023.07.04 18:03:34 WARN  no build target for: D:\Computer Science\CS 2nd Year 1st Sem\SCS2204 Functional Programming\Tutorial 04\Q1.scala
2023.07.04 18:03:36 WARN  no build target for: D:\Computer Science\CS 2nd Year 1st Sem\SCS2204 Functional Programming\Tutorial 04\Q1.scala
2023.07.04 18:03:45 WARN  no build target for: D:\Computer Science\CS 2nd Year 1st Sem\SCS2204 Functional Programming\Tutorial 04\Q1.scala
2023.07.04 18:03:47 WARN  no build target for: D:\Computer Science\CS 2nd Year 1st Sem\SCS2204 Functional Programming\Tutorial 04\Q1.scala
Jul 04, 2023 6:03:50 PM org.eclipse.lsp4j.jsonrpc.RemoteEndpoint handleCancellation
WARNING: Unmatched cancel notification for request id 400
2023.07.04 18:03:53 WARN  no build target for: D:\Computer Science\CS 2nd Year 1st Sem\SCS2204 Functional Programming\Tutorial 04\Q1.scala
2023.07.04 18:03:55 WARN  no build target for: D:\Computer Science\CS 2nd Year 1st Sem\SCS2204 Functional Programming\Tutorial 04\Q1.scala
2023.07.04 18:04:03 WARN  no build target for: D:\Computer Science\CS 2nd Year 1st Sem\SCS2204 Functional Programming\Tutorial 04\Q1.scala
2023.07.04 18:04:06 WARN  no build target for: D:\Computer Science\CS 2nd Year 1st Sem\SCS2204 Functional Programming\Tutorial 04\Q1.scala
2023.07.04 18:04:07 WARN  no build target for: D:\Computer Science\CS 2nd Year 1st Sem\SCS2204 Functional Programming\Tutorial 04\Q1.scala
2023.07.04 18:04:16 WARN  no build target for: D:\Computer Science\CS 2nd Year 1st Sem\SCS2204 Functional Programming\Tutorial 04\Q1.scala
2023.07.04 18:04:18 WARN  no build target for: D:\Computer Science\CS 2nd Year 1st Sem\SCS2204 Functional Programming\Tutorial 04\Q1.scala
2023.07.04 18:04:23 WARN  no build target for: D:\Computer Science\CS 2nd Year 1st Sem\SCS2204 Functional Programming\Tutorial 04\Q1.scala
2023.07.04 18:04:25 WARN  no build target for: D:\Computer Science\CS 2nd Year 1st Sem\SCS2204 Functional Programming\Tutorial 04\Q1.scala
2023.07.04 18:04:27 WARN  no build target for: D:\Computer Science\CS 2nd Year 1st Sem\SCS2204 Functional Programming\Tutorial 04\Q1.scala
2023.07.04 18:04:31 WARN  no build target for: D:\Computer Science\CS 2nd Year 1st Sem\SCS2204 Functional Programming\Tutorial 04\Q1.scala
2023.07.04 18:04:33 WARN  no build target for: D:\Computer Science\CS 2nd Year 1st Sem\SCS2204 Functional Programming\Tutorial 04\Q1.scala
2023.07.04 18:04:47 WARN  no build target for: D:\Computer Science\CS 2nd Year 1st Sem\SCS2204 Functional Programming\Tutorial 04\Q1.scala
2023.07.04 18:04:49 WARN  no build target for: D:\Computer Science\CS 2nd Year 1st Sem\SCS2204 Functional Programming\Tutorial 04\Q1.scala
2023.07.04 18:04:51 WARN  no build target for: D:\Computer Science\CS 2nd Year 1st Sem\SCS2204 Functional Programming\Tutorial 04\Q1.scala
2023.07.04 18:05:03 WARN  no build target for: D:\Computer Science\CS 2nd Year 1st Sem\SCS2204 Functional Programming\Tutorial 04\Q1.scala
2023.07.04 18:05:07 WARN  no build target for: D:\Computer Science\CS 2nd Year 1st Sem\SCS2204 Functional Programming\Tutorial 04\Q1.scala
2023.07.04 18:05:08 WARN  no build target for: D:\Computer Science\CS 2nd Year 1st Sem\SCS2204 Functional Programming\Tutorial 04\Q1.scala
2023.07.04 18:05:29 WARN  no build target for: D:\Computer Science\CS 2nd Year 1st Sem\SCS2204 Functional Programming\Tutorial 04\Q1.scala
2023.07.04 18:05:31 WARN  no build target for: D:\Computer Science\CS 2nd Year 1st Sem\SCS2204 Functional Programming\Tutorial 04\Q1.scala
2023.07.04 18:05:33 WARN  no build target for: D:\Computer Science\CS 2nd Year 1st Sem\SCS2204 Functional Programming\Tutorial 04\Q1.scala
2023.07.04 18:05:50 WARN  no build target for: D:\Computer Science\CS 2nd Year 1st Sem\SCS2204 Functional Programming\Tutorial 04\Q1.scala
2023.07.04 18:05:51 WARN  no build target for: D:\Computer Science\CS 2nd Year 1st Sem\SCS2204 Functional Programming\Tutorial 04\Q1.scala
2023.07.04 18:05:54 WARN  no build target for: D:\Computer Science\CS 2nd Year 1st Sem\SCS2204 Functional Programming\Tutorial 04\Q1.scala
2023.07.04 18:05:56 WARN  no build target for: D:\Computer Science\CS 2nd Year 1st Sem\SCS2204 Functional Programming\Tutorial 04\Q1.scala
2023.07.04 18:05:58 WARN  no build target for: D:\Computer Science\CS 2nd Year 1st Sem\SCS2204 Functional Programming\Tutorial 04\Q1.scala
2023.07.04 18:06:06 WARN  no build target for: D:\Computer Science\CS 2nd Year 1st Sem\SCS2204 Functional Programming\Tutorial 04\Q1.scala
2023.07.04 18:06:08 WARN  no build target for: D:\Computer Science\CS 2nd Year 1st Sem\SCS2204 Functional Programming\Tutorial 04\Q1.scala
2023.07.04 18:06:13 WARN  no build target for: D:\Computer Science\CS 2nd Year 1st Sem\SCS2204 Functional Programming\Tutorial 04\Q1.scala
2023.07.04 18:06:16 WARN  no build target for: D:\Computer Science\CS 2nd Year 1st Sem\SCS2204 Functional Programming\Tutorial 04\Q1.scala
2023.07.04 18:06:19 WARN  no build target for: D:\Computer Science\CS 2nd Year 1st Sem\SCS2204 Functional Programming\Tutorial 04\Q1.scala
2023.07.04 18:06:22 WARN  no build target for: D:\Computer Science\CS 2nd Year 1st Sem\SCS2204 Functional Programming\Tutorial 04\Q1.scala
Jul 04, 2023 6:06:24 PM org.eclipse.lsp4j.jsonrpc.RemoteEndpoint handleCancellation
WARNING: Unmatched cancel notification for request id 865
Jul 04, 2023 6:06:24 PM org.eclipse.lsp4j.jsonrpc.RemoteEndpoint handleCancellation
WARNING: Unmatched cancel notification for request id 871
2023.07.04 18:06:28 WARN  no build target for: D:\Computer Science\CS 2nd Year 1st Sem\SCS2204 Functional Programming\Tutorial 04\Q1.scala
2023.07.04 18:06:29 WARN  no build target for: D:\Computer Science\CS 2nd Year 1st Sem\SCS2204 Functional Programming\Tutorial 04\Q1.scala
2023.07.04 18:06:31 WARN  no build target for: D:\Computer Science\CS 2nd Year 1st Sem\SCS2204 Functional Programming\Tutorial 04\Q1.scala
2023.07.04 18:09:30 WARN  no build target for: D:\Computer Science\CS 2nd Year 1st Sem\SCS2204 Functional Programming\Tutorial 04\Q1.scala
2023.07.04 18:09:33 WARN  no build target for: D:\Computer Science\CS 2nd Year 1st Sem\SCS2204 Functional Programming\Tutorial 04\Q1.scala
2023.07.04 18:09:37 WARN  no build target for: D:\Computer Science\CS 2nd Year 1st Sem\SCS2204 Functional Programming\Tutorial 04\Q1.scala
2023.07.04 18:09:46 WARN  no build target for: D:\Computer Science\CS 2nd Year 1st Sem\SCS2204 Functional Programming\Tutorial 04\Q1.scala
2023.07.04 18:09:50 WARN  no build target for: D:\Computer Science\CS 2nd Year 1st Sem\SCS2204 Functional Programming\Tutorial 04\Q1.scala
2023.07.04 18:09:52 WARN  no build target for: D:\Computer Science\CS 2nd Year 1st Sem\SCS2204 Functional Programming\Tutorial 04\Q1.scala
2023.07.04 18:09:53 WARN  no build target for: D:\Computer Science\CS 2nd Year 1st Sem\SCS2204 Functional Programming\Tutorial 04\Q1.scala
2023.07.04 18:09:54 WARN  no build target for: D:\Computer Science\CS 2nd Year 1st Sem\SCS2204 Functional Programming\Tutorial 04\Q1.scala
2023.07.04 18:09:56 WARN  no build target for: D:\Computer Science\CS 2nd Year 1st Sem\SCS2204 Functional Programming\Tutorial 04\Q1.scala
2023.07.04 18:10:05 WARN  no build target for: D:\Computer Science\CS 2nd Year 1st Sem\SCS2204 Functional Programming\Tutorial 04\Q1.scala
2023.07.04 18:10:21 WARN  no build target for: D:\Computer Science\CS 2nd Year 1st Sem\SCS2204 Functional Programming\Tutorial 04\Q1.scala
2023.07.04 18:10:24 WARN  no build target for: D:\Computer Science\CS 2nd Year 1st Sem\SCS2204 Functional Programming\Tutorial 04\Q1.scala
2023.07.04 18:10:29 WARN  no build target for: D:\Computer Science\CS 2nd Year 1st Sem\SCS2204 Functional Programming\Tutorial 04\Q1.scala
2023.07.04 18:10:33 WARN  no build target for: D:\Computer Science\CS 2nd Year 1st Sem\SCS2204 Functional Programming\Tutorial 04\Q1.scala
2023.07.04 18:10:36 WARN  no build target for: D:\Computer Science\CS 2nd Year 1st Sem\SCS2204 Functional Programming\Tutorial 04\Q1.scala
2023.07.04 18:10:39 WARN  no build target for: D:\Computer Science\CS 2nd Year 1st Sem\SCS2204 Functional Programming\Tutorial 04\Q1.scala
2023.07.04 18:10:41 WARN  no build target for: D:\Computer Science\CS 2nd Year 1st Sem\SCS2204 Functional Programming\Tutorial 04\Q1.scala
2023.07.04 18:10:44 WARN  no build target for: D:\Computer Science\CS 2nd Year 1st Sem\SCS2204 Functional Programming\Tutorial 04\Q1.scala
2023.07.04 18:10:47 WARN  no build target for: D:\Computer Science\CS 2nd Year 1st Sem\SCS2204 Functional Programming\Tutorial 04\Q1.scala
2023.07.04 18:10:49 WARN  no build target for: D:\Computer Science\CS 2nd Year 1st Sem\SCS2204 Functional Programming\Tutorial 04\Q1.scala
Jul 04, 2023 6:10:50 PM org.eclipse.lsp4j.jsonrpc.RemoteEndpoint handleCancellation
WARNING: Unmatched cancel notification for request id 1340
2023.07.04 18:10:51 WARN  no build target for: D:\Computer Science\CS 2nd Year 1st Sem\SCS2204 Functional Programming\Tutorial 04\Q1.scala
2023.07.04 18:10:57 WARN  no build target for: D:\Computer Science\CS 2nd Year 1st Sem\SCS2204 Functional Programming\Tutorial 04\Q1.scala
2023.07.04 18:11:00 WARN  no build target for: D:\Computer Science\CS 2nd Year 1st Sem\SCS2204 Functional Programming\Tutorial 04\Q1.scala
2023.07.04 18:11:03 WARN  no build target for: D:\Computer Science\CS 2nd Year 1st Sem\SCS2204 Functional Programming\Tutorial 04\Q1.scala
2023.07.04 18:11:09 WARN  no build target for: D:\Computer Science\CS 2nd Year 1st Sem\SCS2204 Functional Programming\Tutorial 04\Q1.scala
2023.07.04 18:11:11 WARN  no build target for: D:\Computer Science\CS 2nd Year 1st Sem\SCS2204 Functional Programming\Tutorial 04\Q1.scala
2023.07.04 18:11:14 WARN  no build target for: D:\Computer Science\CS 2nd Year 1st Sem\SCS2204 Functional Programming\Tutorial 04\Q1.scala
2023.07.04 18:11:18 WARN  no build target for: D:\Computer Science\CS 2nd Year 1st Sem\SCS2204 Functional Programming\Tutorial 04\Q1.scala
2023.07.04 18:11:20 WARN  no build target for: D:\Computer Science\CS 2nd Year 1st Sem\SCS2204 Functional Programming\Tutorial 04\Q1.scala
2023.07.04 18:11:22 WARN  no build target for: D:\Computer Science\CS 2nd Year 1st Sem\SCS2204 Functional Programming\Tutorial 04\Q1.scala
2023.07.04 18:11:26 WARN  no build target for: D:\Computer Science\CS 2nd Year 1st Sem\SCS2204 Functional Programming\Tutorial 04\Q1.scala
2023.07.04 18:11:28 WARN  no build target for: D:\Computer Science\CS 2nd Year 1st Sem\SCS2204 Functional Programming\Tutorial 04\Q1.scala
2023.07.04 18:11:32 WARN  no build target for: D:\Computer Science\CS 2nd Year 1st Sem\SCS2204 Functional Programming\Tutorial 04\Q1.scala
2023.07.04 18:11:36 WARN  no build target for: D:\Computer Science\CS 2nd Year 1st Sem\SCS2204 Functional Programming\Tutorial 04\Q1.scala
2023.07.04 18:11:39 WARN  no build target for: D:\Computer Science\CS 2nd Year 1st Sem\SCS2204 Functional Programming\Tutorial 04\Q1.scala
2023.07.04 18:11:41 WARN  no build target for: D:\Computer Science\CS 2nd Year 1st Sem\SCS2204 Functional Programming\Tutorial 04\Q1.scala
2023.07.04 18:11:51 WARN  no build target for: D:\Computer Science\CS 2nd Year 1st Sem\SCS2204 Functional Programming\Tutorial 04\Q1.scala
2023.07.04 18:11:54 WARN  no build target for: D:\Computer Science\CS 2nd Year 1st Sem\SCS2204 Functional Programming\Tutorial 04\Q1.scala
2023.07.04 18:11:57 WARN  no build target for: D:\Computer Science\CS 2nd Year 1st Sem\SCS2204 Functional Programming\Tutorial 04\Q1.scala
2023.07.04 18:11:59 WARN  no build target for: D:\Computer Science\CS 2nd Year 1st Sem\SCS2204 Functional Programming\Tutorial 04\Q1.scala
2023.07.04 18:12:03 WARN  no build target for: D:\Computer Science\CS 2nd Year 1st Sem\SCS2204 Functional Programming\Tutorial 04\Q1.scala
Jul 04, 2023 6:12:11 PM org.eclipse.lsp4j.jsonrpc.RemoteEndpoint fallbackResponseError
SEVERE: Internal error: scala.meta.internal.metals.debug.BuildTargetNotFoundForPathException: No build target could be found for the path: D:\Computer Science\CS 2nd Year 1st Sem\SCS2204 Functional Programming\Tutorial 04\Q1.scala
java.util.concurrent.CompletionException: scala.meta.internal.metals.debug.BuildTargetNotFoundForPathException: No build target could be found for the path: D:\Computer Science\CS 2nd Year 1st Sem\SCS2204 Functional Programming\Tutorial 04\Q1.scala
	at java.util.concurrent.CompletableFuture.encodeThrowable(CompletableFuture.java:292)
	at java.util.concurrent.CompletableFuture.completeThrowable(CompletableFuture.java:308)
	at java.util.concurrent.CompletableFuture.uniAccept(CompletableFuture.java:661)
	at java.util.concurrent.CompletableFuture$UniAccept.tryFire(CompletableFuture.java:646)
	at java.util.concurrent.CompletableFuture.uniAcceptStage(CompletableFuture.java:686)
	at java.util.concurrent.CompletableFuture.thenAcceptAsync(CompletableFuture.java:2014)
	at scala.concurrent.java8.FuturesConvertersImpl$CF.thenAccept(FutureConvertersImpl.scala:37)
	at org.eclipse.lsp4j.jsonrpc.RemoteEndpoint.handleRequest(RemoteEndpoint.java:279)
	at org.eclipse.lsp4j.jsonrpc.RemoteEndpoint.consume(RemoteEndpoint.java:190)
	at org.eclipse.lsp4j.jsonrpc.json.StreamMessageProducer.handleMessage(StreamMessageProducer.java:194)
	at org.eclipse.lsp4j.jsonrpc.json.StreamMessageProducer.listen(StreamMessageProducer.java:94)
	at org.eclipse.lsp4j.jsonrpc.json.ConcurrentMessageProcessor.run(ConcurrentMessageProcessor.java:113)
	at java.util.concurrent.Executors$RunnableAdapter.call(Executors.java:511)
	at java.util.concurrent.FutureTask.run(FutureTask.java:266)
	at java.util.concurrent.ThreadPoolExecutor.runWorker(ThreadPoolExecutor.java:1149)
	at java.util.concurrent.ThreadPoolExecutor$Worker.run(ThreadPoolExecutor.java:624)
	at java.lang.Thread.run(Thread.java:748)
Caused by: scala.meta.internal.metals.debug.BuildTargetNotFoundForPathException: No build target could be found for the path: D:\Computer Science\CS 2nd Year 1st Sem\SCS2204 Functional Programming\Tutorial 04\Q1.scala
	at scala.meta.internal.metals.debug.DebugProvider.debugDiscovery(DebugProvider.scala:469)
	at scala.meta.internal.metals.debug.DebugProvider.runCommandDiscovery(DebugProvider.scala:419)
	at scala.meta.internal.metals.MetalsLspService.executeCommand(MetalsLspService.scala:1859)
	at scala.meta.metals.lsp.DelegatingScalaService.executeCommand(DelegatingScalaService.scala:169)
	at sun.reflect.NativeMethodAccessorImpl.invoke0(Native Method)
	at sun.reflect.NativeMethodAccessorImpl.invoke(NativeMethodAccessorImpl.java:62)
	at sun.reflect.DelegatingMethodAccessorImpl.invoke(DelegatingMethodAccessorImpl.java:43)
	at java.lang.reflect.Method.invoke(Method.java:498)
	at org.eclipse.lsp4j.jsonrpc.services.GenericEndpoint.lambda$null$0(GenericEndpoint.java:65)
	at org.eclipse.lsp4j.jsonrpc.services.GenericEndpoint.request(GenericEndpoint.java:120)
	at org.eclipse.lsp4j.jsonrpc.RemoteEndpoint.handleRequest(RemoteEndpoint.java:261)
	... 9 more

Jul 04, 2023 6:12:36 PM org.eclipse.lsp4j.jsonrpc.RemoteEndpoint fallbackResponseError
SEVERE: Internal error: scala.meta.internal.metals.debug.BuildTargetNotFoundForPathException: No build target could be found for the path: D:\Computer Science\CS 2nd Year 1st Sem\SCS2204 Functional Programming\Tutorial 04\Q1.scala
java.util.concurrent.CompletionException: scala.meta.internal.metals.debug.BuildTargetNotFoundForPathException: No build target could be found for the path: D:\Computer Science\CS 2nd Year 1st Sem\SCS2204 Functional Programming\Tutorial 04\Q1.scala
	at java.util.concurrent.CompletableFuture.encodeThrowable(CompletableFuture.java:292)
	at java.util.concurrent.CompletableFuture.completeThrowable(CompletableFuture.java:308)
	at java.util.concurrent.CompletableFuture.uniAccept(CompletableFuture.java:661)
	at java.util.concurrent.CompletableFuture$UniAccept.tryFire(CompletableFuture.java:646)
	at java.util.concurrent.CompletableFuture.uniAcceptStage(CompletableFuture.java:686)
	at java.util.concurrent.CompletableFuture.thenAcceptAsync(CompletableFuture.java:2014)
	at scala.concurrent.java8.FuturesConvertersImpl$CF.thenAccept(FutureConvertersImpl.scala:37)
	at org.eclipse.lsp4j.jsonrpc.RemoteEndpoint.handleRequest(RemoteEndpoint.java:279)
	at org.eclipse.lsp4j.jsonrpc.RemoteEndpoint.consume(RemoteEndpoint.java:190)
	at org.eclipse.lsp4j.jsonrpc.json.StreamMessageProducer.handleMessage(StreamMessageProducer.java:194)
	at org.eclipse.lsp4j.jsonrpc.json.StreamMessageProducer.listen(StreamMessageProducer.java:94)
	at org.eclipse.lsp4j.jsonrpc.json.ConcurrentMessageProcessor.run(ConcurrentMessageProcessor.java:113)
	at java.util.concurrent.Executors$RunnableAdapter.call(Executors.java:511)
	at java.util.concurrent.FutureTask.run(FutureTask.java:266)
	at java.util.concurrent.ThreadPoolExecutor.runWorker(ThreadPoolExecutor.java:1149)
	at java.util.concurrent.ThreadPoolExecutor$Worker.run(ThreadPoolExecutor.java:624)
	at java.lang.Thread.run(Thread.java:748)
Caused by: scala.meta.internal.metals.debug.BuildTargetNotFoundForPathException: No build target could be found for the path: D:\Computer Science\CS 2nd Year 1st Sem\SCS2204 Functional Programming\Tutorial 04\Q1.scala
	at scala.meta.internal.metals.debug.DebugProvider.debugDiscovery(DebugProvider.scala:469)
	at scala.meta.internal.metals.debug.DebugProvider.runCommandDiscovery(DebugProvider.scala:419)
	at scala.meta.internal.metals.MetalsLspService.executeCommand(MetalsLspService.scala:1859)
	at scala.meta.metals.lsp.DelegatingScalaService.executeCommand(DelegatingScalaService.scala:169)
	at sun.reflect.NativeMethodAccessorImpl.invoke0(Native Method)
	at sun.reflect.NativeMethodAccessorImpl.invoke(NativeMethodAccessorImpl.java:62)
	at sun.reflect.DelegatingMethodAccessorImpl.invoke(DelegatingMethodAccessorImpl.java:43)
	at java.lang.reflect.Method.invoke(Method.java:498)
	at org.eclipse.lsp4j.jsonrpc.services.GenericEndpoint.lambda$null$0(GenericEndpoint.java:65)
	at org.eclipse.lsp4j.jsonrpc.services.GenericEndpoint.request(GenericEndpoint.java:120)
	at org.eclipse.lsp4j.jsonrpc.RemoteEndpoint.handleRequest(RemoteEndpoint.java:261)
	... 9 more

2023.07.04 18:13:16 WARN  no build target for: D:\Computer Science\CS 2nd Year 1st Sem\SCS2204 Functional Programming\Tutorial 04\Q1.scala
2023.07.04 18:13:53 WARN  no build target for: D:\Computer Science\CS 2nd Year 1st Sem\SCS2204 Functional Programming\Tutorial 04\Q1.scala
2023.07.04 18:13:56 WARN  no build target for: D:\Computer Science\CS 2nd Year 1st Sem\SCS2204 Functional Programming\Tutorial 04\Q1.scala
Jul 04, 2023 6:14:01 PM org.eclipse.lsp4j.jsonrpc.RemoteEndpoint fallbackResponseError
SEVERE: Internal error: scala.meta.internal.metals.debug.BuildTargetNotFoundForPathException: No build target could be found for the path: D:\Computer Science\CS 2nd Year 1st Sem\SCS2204 Functional Programming\Tutorial 04\Q1.scala
java.util.concurrent.CompletionException: scala.meta.internal.metals.debug.BuildTargetNotFoundForPathException: No build target could be found for the path: D:\Computer Science\CS 2nd Year 1st Sem\SCS2204 Functional Programming\Tutorial 04\Q1.scala
	at java.util.concurrent.CompletableFuture.encodeThrowable(CompletableFuture.java:292)
	at java.util.concurrent.CompletableFuture.completeThrowable(CompletableFuture.java:308)
	at java.util.concurrent.CompletableFuture.uniAccept(CompletableFuture.java:661)
	at java.util.concurrent.CompletableFuture$UniAccept.tryFire(CompletableFuture.java:646)
	at java.util.concurrent.CompletableFuture.uniAcceptStage(CompletableFuture.java:686)
	at java.util.concurrent.CompletableFuture.thenAcceptAsync(CompletableFuture.java:2014)
	at scala.concurrent.java8.FuturesConvertersImpl$CF.thenAccept(FutureConvertersImpl.scala:37)
	at org.eclipse.lsp4j.jsonrpc.RemoteEndpoint.handleRequest(RemoteEndpoint.java:279)
	at org.eclipse.lsp4j.jsonrpc.RemoteEndpoint.consume(RemoteEndpoint.java:190)
	at org.eclipse.lsp4j.jsonrpc.json.StreamMessageProducer.handleMessage(StreamMessageProducer.java:194)
	at org.eclipse.lsp4j.jsonrpc.json.StreamMessageProducer.listen(StreamMessageProducer.java:94)
	at org.eclipse.lsp4j.jsonrpc.json.ConcurrentMessageProcessor.run(ConcurrentMessageProcessor.java:113)
	at java.util.concurrent.Executors$RunnableAdapter.call(Executors.java:511)
	at java.util.concurrent.FutureTask.run(FutureTask.java:266)
	at java.util.concurrent.ThreadPoolExecutor.runWorker(ThreadPoolExecutor.java:1149)
	at java.util.concurrent.ThreadPoolExecutor$Worker.run(ThreadPoolExecutor.java:624)
	at java.lang.Thread.run(Thread.java:748)
Caused by: scala.meta.internal.metals.debug.BuildTargetNotFoundForPathException: No build target could be found for the path: D:\Computer Science\CS 2nd Year 1st Sem\SCS2204 Functional Programming\Tutorial 04\Q1.scala
	at scala.meta.internal.metals.debug.DebugProvider.debugDiscovery(DebugProvider.scala:469)
	at scala.meta.internal.metals.debug.DebugProvider.runCommandDiscovery(DebugProvider.scala:419)
	at scala.meta.internal.metals.MetalsLspService.executeCommand(MetalsLspService.scala:1859)
	at scala.meta.metals.lsp.DelegatingScalaService.executeCommand(DelegatingScalaService.scala:169)
	at sun.reflect.NativeMethodAccessorImpl.invoke0(Native Method)
	at sun.reflect.NativeMethodAccessorImpl.invoke(NativeMethodAccessorImpl.java:62)
	at sun.reflect.DelegatingMethodAccessorImpl.invoke(DelegatingMethodAccessorImpl.java:43)
	at java.lang.reflect.Method.invoke(Method.java:498)
	at org.eclipse.lsp4j.jsonrpc.services.GenericEndpoint.lambda$null$0(GenericEndpoint.java:65)
	at org.eclipse.lsp4j.jsonrpc.services.GenericEndpoint.request(GenericEndpoint.java:120)
	at org.eclipse.lsp4j.jsonrpc.RemoteEndpoint.handleRequest(RemoteEndpoint.java:261)
	... 9 more

2023.07.04 18:14:13 WARN  no build target for: D:\Computer Science\CS 2nd Year 1st Sem\SCS2204 Functional Programming\Tutorial 04\Q1.scala
2023.07.04 18:14:16 WARN  no build target for: D:\Computer Science\CS 2nd Year 1st Sem\SCS2204 Functional Programming\Tutorial 04\Q1.scala
2023.07.04 18:14:27 WARN  no build target for: D:\Computer Science\CS 2nd Year 1st Sem\SCS2204 Functional Programming\Tutorial 04\Q1.scala
2023.07.04 18:14:27 WARN  no build target for: D:\Computer Science\CS 2nd Year 1st Sem\SCS2204 Functional Programming\Tutorial 04\Q1.scala
2023.07.04 18:14:51 WARN  no build target for: D:\Computer Science\CS 2nd Year 1st Sem\SCS2204 Functional Programming\Tutorial 04\Q1.scala
2023.07.04 18:15:36 WARN  no build target for: D:\Computer Science\CS 2nd Year 1st Sem\SCS2204 Functional Programming\Tutorial 04\Q1.scala
2023.07.04 18:15:37 WARN  no build target for: D:\Computer Science\CS 2nd Year 1st Sem\SCS2204 Functional Programming\Tutorial 04\Q1.scala
2023.07.04 18:16:00 WARN  no build target for: D:\Computer Science\CS 2nd Year 1st Sem\SCS2204 Functional Programming\Tutorial 04\Q2.scala
2023.07.04 18:16:04 WARN  no build target for: D:\Computer Science\CS 2nd Year 1st Sem\SCS2204 Functional Programming\Tutorial 04\Q2.scala
2023.07.04 18:16:08 WARN  no build target for: D:\Computer Science\CS 2nd Year 1st Sem\SCS2204 Functional Programming\Tutorial 04\Q2.scala
2023.07.04 18:16:10 WARN  no build target for: D:\Computer Science\CS 2nd Year 1st Sem\SCS2204 Functional Programming\Tutorial 04\Q2.scala
2023.07.04 18:16:15 WARN  no build target for: D:\Computer Science\CS 2nd Year 1st Sem\SCS2204 Functional Programming\Tutorial 04\Q2.scala
2023.07.04 18:16:16 WARN  no build target for: D:\Computer Science\CS 2nd Year 1st Sem\SCS2204 Functional Programming\Tutorial 04\Q2.scala
2023.07.04 18:17:22 WARN  no build target for: D:\Computer Science\CS 2nd Year 1st Sem\SCS2204 Functional Programming\Tutorial 04\Q2.scala
2023.07.04 18:17:24 WARN  no build target for: D:\Computer Science\CS 2nd Year 1st Sem\SCS2204 Functional Programming\Tutorial 04\Q2.scala
2023.07.04 18:17:28 WARN  no build target for: D:\Computer Science\CS 2nd Year 1st Sem\SCS2204 Functional Programming\Tutorial 04\Q2.scala
2023.07.04 18:17:31 WARN  no build target for: D:\Computer Science\CS 2nd Year 1st Sem\SCS2204 Functional Programming\Tutorial 04\Q2.scala
2023.07.04 18:17:32 WARN  no build target for: D:\Computer Science\CS 2nd Year 1st Sem\SCS2204 Functional Programming\Tutorial 04\Q2.scala
2023.07.04 18:17:36 WARN  no build target for: D:\Computer Science\CS 2nd Year 1st Sem\SCS2204 Functional Programming\Tutorial 04\Q2.scala
2023.07.04 18:17:40 WARN  no build target for: D:\Computer Science\CS 2nd Year 1st Sem\SCS2204 Functional Programming\Tutorial 04\Q2.scala
2023.07.04 18:17:44 WARN  no build target for: D:\Computer Science\CS 2nd Year 1st Sem\SCS2204 Functional Programming\Tutorial 04\Q2.scala
2023.07.04 18:17:52 WARN  no build target for: D:\Computer Science\CS 2nd Year 1st Sem\SCS2204 Functional Programming\Tutorial 04\Q2.scala
2023.07.04 18:17:54 WARN  no build target for: D:\Computer Science\CS 2nd Year 1st Sem\SCS2204 Functional Programming\Tutorial 04\Q2.scala
Jul 04, 2023 6:17:55 PM org.eclipse.lsp4j.jsonrpc.RemoteEndpoint handleCancellation
WARNING: Unmatched cancel notification for request id 2082
2023.07.04 18:17:58 WARN  no build target for: D:\Computer Science\CS 2nd Year 1st Sem\SCS2204 Functional Programming\Tutorial 04\Q2.scala
2023.07.04 18:18:01 WARN  no build target for: D:\Computer Science\CS 2nd Year 1st Sem\SCS2204 Functional Programming\Tutorial 04\Q2.scala
2023.07.04 18:18:06 WARN  no build target for: D:\Computer Science\CS 2nd Year 1st Sem\SCS2204 Functional Programming\Tutorial 04\Q2.scala
2023.07.04 18:18:22 WARN  no build target for: D:\Computer Science\CS 2nd Year 1st Sem\SCS2204 Functional Programming\Tutorial 04\Q2.scala
2023.07.04 18:18:25 WARN  no build target for: D:\Computer Science\CS 2nd Year 1st Sem\SCS2204 Functional Programming\Tutorial 04\Q2.scala
2023.07.04 18:18:27 WARN  no build target for: D:\Computer Science\CS 2nd Year 1st Sem\SCS2204 Functional Programming\Tutorial 04\Q2.scala
2023.07.04 18:18:29 WARN  no build target for: D:\Computer Science\CS 2nd Year 1st Sem\SCS2204 Functional Programming\Tutorial 04\Q2.scala
2023.07.04 18:18:31 WARN  no build target for: D:\Computer Science\CS 2nd Year 1st Sem\SCS2204 Functional Programming\Tutorial 04\Q2.scala
2023.07.04 18:18:32 WARN  no build target for: D:\Computer Science\CS 2nd Year 1st Sem\SCS2204 Functional Programming\Tutorial 04\Q2.scala
Jul 04, 2023 6:18:37 PM org.eclipse.lsp4j.jsonrpc.RemoteEndpoint handleCancellation
WARNING: Unmatched cancel notification for request id 2281
2023.07.04 18:18:39 WARN  no build target for: D:\Computer Science\CS 2nd Year 1st Sem\SCS2204 Functional Programming\Tutorial 04\Q2.scala
2023.07.04 18:18:45 WARN  no build target for: D:\Computer Science\CS 2nd Year 1st Sem\SCS2204 Functional Programming\Tutorial 04\Q2.scala
2023.07.04 18:18:49 WARN  no build target for: D:\Computer Science\CS 2nd Year 1st Sem\SCS2204 Functional Programming\Tutorial 04\Q2.scala
2023.07.04 18:18:59 WARN  no build target for: D:\Computer Science\CS 2nd Year 1st Sem\SCS2204 Functional Programming\Tutorial 04\Q2.scala
2023.07.04 18:19:02 WARN  no build target for: D:\Computer Science\CS 2nd Year 1st Sem\SCS2204 Functional Programming\Tutorial 04\Q2.scala
2023.07.04 18:19:06 WARN  no build target for: D:\Computer Science\CS 2nd Year 1st Sem\SCS2204 Functional Programming\Tutorial 04\Q2.scala
2023.07.04 18:19:09 WARN  no build target for: D:\Computer Science\CS 2nd Year 1st Sem\SCS2204 Functional Programming\Tutorial 04\Q2.scala
2023.07.04 18:19:10 WARN  no build target for: D:\Computer Science\CS 2nd Year 1st Sem\SCS2204 Functional Programming\Tutorial 04\Q2.scala
2023.07.04 18:19:15 WARN  no build target for: D:\Computer Science\CS 2nd Year 1st Sem\SCS2204 Functional Programming\Tutorial 04\Q2.scala
2023.07.04 18:19:18 WARN  no build target for: D:\Computer Science\CS 2nd Year 1st Sem\SCS2204 Functional Programming\Tutorial 04\Q2.scala
2023.07.04 18:19:21 WARN  no build target for: D:\Computer Science\CS 2nd Year 1st Sem\SCS2204 Functional Programming\Tutorial 04\Q2.scala
2023.07.04 18:19:26 WARN  no build target for: D:\Computer Science\CS 2nd Year 1st Sem\SCS2204 Functional Programming\Tutorial 04\Q2.scala
2023.07.04 18:19:33 WARN  no build target for: D:\Computer Science\CS 2nd Year 1st Sem\SCS2204 Functional Programming\Tutorial 04\Q2.scala
2023.07.04 18:19:41 WARN  no build target for: D:\Computer Science\CS 2nd Year 1st Sem\SCS2204 Functional Programming\Tutorial 04\Q2.scala
2023.07.04 18:19:44 WARN  no build target for: D:\Computer Science\CS 2nd Year 1st Sem\SCS2204 Functional Programming\Tutorial 04\Q2.scala
2023.07.04 18:19:47 WARN  no build target for: D:\Computer Science\CS 2nd Year 1st Sem\SCS2204 Functional Programming\Tutorial 04\Q2.scala
2023.07.04 18:19:52 WARN  no build target for: D:\Computer Science\CS 2nd Year 1st Sem\SCS2204 Functional Programming\Tutorial 04\Q2.scala
2023.07.04 18:19:53 WARN  no build target for: D:\Computer Science\CS 2nd Year 1st Sem\SCS2204 Functional Programming\Tutorial 04\Q2.scala
2023.07.04 18:19:56 WARN  no build target for: D:\Computer Science\CS 2nd Year 1st Sem\SCS2204 Functional Programming\Tutorial 04\Q2.scala
2023.07.04 18:20:10 WARN  no build target for: D:\Computer Science\CS 2nd Year 1st Sem\SCS2204 Functional Programming\Tutorial 04\Q2.scala
2023.07.04 18:20:14 WARN  no build target for: D:\Computer Science\CS 2nd Year 1st Sem\SCS2204 Functional Programming\Tutorial 04\Q2.scala
2023.07.04 18:20:22 WARN  no build target for: D:\Computer Science\CS 2nd Year 1st Sem\SCS2204 Functional Programming\Tutorial 04\Q2.scala
2023.07.04 18:20:26 WARN  no build target for: D:\Computer Science\CS 2nd Year 1st Sem\SCS2204 Functional Programming\Tutorial 04\Q2.scala
2023.07.04 18:20:32 WARN  no build target for: D:\Computer Science\CS 2nd Year 1st Sem\SCS2204 Functional Programming\Tutorial 04\Q2.scala
2023.07.04 18:20:41 WARN  no build target for: D:\Computer Science\CS 2nd Year 1st Sem\SCS2204 Functional Programming\Tutorial 04\Q2.scala
2023.07.04 18:20:48 WARN  no build target for: D:\Computer Science\CS 2nd Year 1st Sem\SCS2204 Functional Programming\Tutorial 04\Q2.scala
2023.07.04 18:20:49 WARN  no build target for: D:\Computer Science\CS 2nd Year 1st Sem\SCS2204 Functional Programming\Tutorial 04\Q2.scala
2023.07.04 18:20:50 WARN  no build target for: D:\Computer Science\CS 2nd Year 1st Sem\SCS2204 Functional Programming\Tutorial 04\Q2.scala
2023.07.04 18:20:51 WARN  no build target for: D:\Computer Science\CS 2nd Year 1st Sem\SCS2204 Functional Programming\Tutorial 04\Q2.scala
2023.07.04 18:20:54 WARN  no build target for: D:\Computer Science\CS 2nd Year 1st Sem\SCS2204 Functional Programming\Tutorial 04\Q2.scala
2023.07.04 18:20:56 WARN  no build target for: D:\Computer Science\CS 2nd Year 1st Sem\SCS2204 Functional Programming\Tutorial 04\Q2.scala
2023.07.04 18:20:59 WARN  no build target for: D:\Computer Science\CS 2nd Year 1st Sem\SCS2204 Functional Programming\Tutorial 04\Q2.scala
2023.07.04 18:21:07 WARN  no build target for: D:\Computer Science\CS 2nd Year 1st Sem\SCS2204 Functional Programming\Tutorial 04\Q2.scala
2023.07.04 18:21:12 WARN  no build target for: D:\Computer Science\CS 2nd Year 1st Sem\SCS2204 Functional Programming\Tutorial 04\Q2.scala
2023.07.04 18:21:19 WARN  no build target for: D:\Computer Science\CS 2nd Year 1st Sem\SCS2204 Functional Programming\Tutorial 04\Q2.scala
2023.07.04 18:21:20 WARN  no build target for: D:\Computer Science\CS 2nd Year 1st Sem\SCS2204 Functional Programming\Tutorial 04\Q2.scala
2023.07.04 18:21:21 WARN  no build target for: D:\Computer Science\CS 2nd Year 1st Sem\SCS2204 Functional Programming\Tutorial 04\Q2.scala
2023.07.04 18:21:23 WARN  no build target for: D:\Computer Science\CS 2nd Year 1st Sem\SCS2204 Functional Programming\Tutorial 04\Q2.scala
2023.07.04 18:21:27 WARN  no build target for: D:\Computer Science\CS 2nd Year 1st Sem\SCS2204 Functional Programming\Tutorial 04\Q2.scala
2023.07.04 18:21:29 WARN  no build target for: D:\Computer Science\CS 2nd Year 1st Sem\SCS2204 Functional Programming\Tutorial 04\Q2.scala
2023.07.04 18:21:31 WARN  no build target for: D:\Computer Science\CS 2nd Year 1st Sem\SCS2204 Functional Programming\Tutorial 04\Q2.scala
2023.07.04 18:21:33 WARN  no build target for: D:\Computer Science\CS 2nd Year 1st Sem\SCS2204 Functional Programming\Tutorial 04\Q2.scala
2023.07.04 18:21:49 WARN  no build target for: D:\Computer Science\CS 2nd Year 1st Sem\SCS2204 Functional Programming\Tutorial 04\Q2.scala
2023.07.04 18:21:52 WARN  no build target for: D:\Computer Science\CS 2nd Year 1st Sem\SCS2204 Functional Programming\Tutorial 04\Q2.scala
2023.07.04 18:21:55 WARN  no build target for: D:\Computer Science\CS 2nd Year 1st Sem\SCS2204 Functional Programming\Tutorial 04\Q2.scala
2023.07.04 18:21:59 WARN  no build target for: D:\Computer Science\CS 2nd Year 1st Sem\SCS2204 Functional Programming\Tutorial 04\Q2.scala
2023.07.04 18:22:00 WARN  no build target for: D:\Computer Science\CS 2nd Year 1st Sem\SCS2204 Functional Programming\Tutorial 04\Q2.scala
2023.07.04 18:22:02 WARN  no build target for: D:\Computer Science\CS 2nd Year 1st Sem\SCS2204 Functional Programming\Tutorial 04\Q2.scala
2023.07.04 18:22:04 WARN  no build target for: D:\Computer Science\CS 2nd Year 1st Sem\SCS2204 Functional Programming\Tutorial 04\Q2.scala
2023.07.04 18:22:08 WARN  no build target for: D:\Computer Science\CS 2nd Year 1st Sem\SCS2204 Functional Programming\Tutorial 04\Q2.scala
Jul 04, 2023 6:22:11 PM org.eclipse.lsp4j.jsonrpc.RemoteEndpoint handleCancellation
WARNING: Unmatched cancel notification for request id 2993
2023.07.04 18:22:14 WARN  no build target for: D:\Computer Science\CS 2nd Year 1st Sem\SCS2204 Functional Programming\Tutorial 04\Q2.scala
2023.07.04 18:22:17 WARN  no build target for: D:\Computer Science\CS 2nd Year 1st Sem\SCS2204 Functional Programming\Tutorial 04\Q2.scala
2023.07.04 18:22:21 WARN  no build target for: D:\Computer Science\CS 2nd Year 1st Sem\SCS2204 Functional Programming\Tutorial 04\Q2.scala
2023.07.04 18:22:24 WARN  no build target for: D:\Computer Science\CS 2nd Year 1st Sem\SCS2204 Functional Programming\Tutorial 04\Q2.scala
2023.07.04 18:22:32 WARN  no build target for: D:\Computer Science\CS 2nd Year 1st Sem\SCS2204 Functional Programming\Tutorial 04\Q2.scala
2023.07.04 18:22:35 WARN  no build target for: D:\Computer Science\CS 2nd Year 1st Sem\SCS2204 Functional Programming\Tutorial 04\Q2.scala
2023.07.04 18:22:39 WARN  no build target for: D:\Computer Science\CS 2nd Year 1st Sem\SCS2204 Functional Programming\Tutorial 04\Q2.scala
2023.07.04 18:22:47 WARN  no build target for: D:\Computer Science\CS 2nd Year 1st Sem\SCS2204 Functional Programming\Tutorial 04\Q2.scala
2023.07.04 18:22:53 WARN  no build target for: D:\Computer Science\CS 2nd Year 1st Sem\SCS2204 Functional Programming\Tutorial 04\Q2.scala
2023.07.04 18:22:54 WARN  no build target for: D:\Computer Science\CS 2nd Year 1st Sem\SCS2204 Functional Programming\Tutorial 04\Q2.scala
2023.07.04 18:22:57 WARN  no build target for: D:\Computer Science\CS 2nd Year 1st Sem\SCS2204 Functional Programming\Tutorial 04\Q2.scala
2023.07.04 18:23:00 WARN  no build target for: D:\Computer Science\CS 2nd Year 1st Sem\SCS2204 Functional Programming\Tutorial 04\Q2.scala
2023.07.04 18:23:06 WARN  no build target for: D:\Computer Science\CS 2nd Year 1st Sem\SCS2204 Functional Programming\Tutorial 04\Q2.scala
2023.07.04 18:23:09 WARN  no build target for: D:\Computer Science\CS 2nd Year 1st Sem\SCS2204 Functional Programming\Tutorial 04\Q2.scala
2023.07.04 18:23:13 WARN  no build target for: D:\Computer Science\CS 2nd Year 1st Sem\SCS2204 Functional Programming\Tutorial 04\Q2.scala
2023.07.04 18:23:16 WARN  no build target for: D:\Computer Science\CS 2nd Year 1st Sem\SCS2204 Functional Programming\Tutorial 04\Q2.scala
2023.07.04 18:23:22 WARN  no build target for: D:\Computer Science\CS 2nd Year 1st Sem\SCS2204 Functional Programming\Tutorial 04\Q2.scala
2023.07.04 18:23:25 WARN  no build target for: D:\Computer Science\CS 2nd Year 1st Sem\SCS2204 Functional Programming\Tutorial 04\Q2.scala
2023.07.04 18:23:28 WARN  no build target for: D:\Computer Science\CS 2nd Year 1st Sem\SCS2204 Functional Programming\Tutorial 04\Q2.scala
2023.07.04 18:23:34 WARN  no build target for: D:\Computer Science\CS 2nd Year 1st Sem\SCS2204 Functional Programming\Tutorial 04\Q2.scala
2023.07.04 18:23:36 WARN  no build target for: D:\Computer Science\CS 2nd Year 1st Sem\SCS2204 Functional Programming\Tutorial 04\Q2.scala
2023.07.04 18:23:39 WARN  no build target for: D:\Computer Science\CS 2nd Year 1st Sem\SCS2204 Functional Programming\Tutorial 04\Q2.scala
2023.07.04 18:23:42 WARN  no build target for: D:\Computer Science\CS 2nd Year 1st Sem\SCS2204 Functional Programming\Tutorial 04\Q2.scala
2023.07.04 18:23:44 WARN  no build target for: D:\Computer Science\CS 2nd Year 1st Sem\SCS2204 Functional Programming\Tutorial 04\Q2.scala
2023.07.04 18:23:46 WARN  no build target for: D:\Computer Science\CS 2nd Year 1st Sem\SCS2204 Functional Programming\Tutorial 04\Q2.scala
2023.07.04 18:23:53 WARN  no build target for: D:\Computer Science\CS 2nd Year 1st Sem\SCS2204 Functional Programming\Tutorial 04\Q2.scala
2023.07.04 18:23:55 WARN  no build target for: D:\Computer Science\CS 2nd Year 1st Sem\SCS2204 Functional Programming\Tutorial 04\Q2.scala
2023.07.04 18:23:58 WARN  no build target for: D:\Computer Science\CS 2nd Year 1st Sem\SCS2204 Functional Programming\Tutorial 04\Q2.scala
2023.07.04 18:24:02 WARN  no build target for: D:\Computer Science\CS 2nd Year 1st Sem\SCS2204 Functional Programming\Tutorial 04\Q2.scala
2023.07.04 18:24:03 WARN  no build target for: D:\Computer Science\CS 2nd Year 1st Sem\SCS2204 Functional Programming\Tutorial 04\Q2.scala
2023.07.04 18:24:07 WARN  no build target for: D:\Computer Science\CS 2nd Year 1st Sem\SCS2204 Functional Programming\Tutorial 04\Q2.scala
2023.07.04 18:24:21 WARN  no build target for: D:\Computer Science\CS 2nd Year 1st Sem\SCS2204 Functional Programming\Tutorial 04\Q2.scala
2023.07.04 18:24:23 WARN  no build target for: D:\Computer Science\CS 2nd Year 1st Sem\SCS2204 Functional Programming\Tutorial 04\Q2.scala
2023.07.04 18:24:24 WARN  no build target for: D:\Computer Science\CS 2nd Year 1st Sem\SCS2204 Functional Programming\Tutorial 04\Q2.scala
2023.07.04 18:24:26 WARN  no build target for: D:\Computer Science\CS 2nd Year 1st Sem\SCS2204 Functional Programming\Tutorial 04\Q2.scala
2023.07.04 18:24:31 WARN  no build target for: D:\Computer Science\CS 2nd Year 1st Sem\SCS2204 Functional Programming\Tutorial 04\Q2.scala
2023.07.04 18:24:33 WARN  no build target for: D:\Computer Science\CS 2nd Year 1st Sem\SCS2204 Functional Programming\Tutorial 04\Q2.scala
2023.07.04 18:24:36 WARN  no build target for: D:\Computer Science\CS 2nd Year 1st Sem\SCS2204 Functional Programming\Tutorial 04\Q2.scala
2023.07.04 18:24:37 WARN  no build target for: D:\Computer Science\CS 2nd Year 1st Sem\SCS2204 Functional Programming\Tutorial 04\Q2.scala
2023.07.04 18:24:45 WARN  no build target for: D:\Computer Science\CS 2nd Year 1st Sem\SCS2204 Functional Programming\Tutorial 04\Q2.scala
2023.07.04 18:24:48 WARN  no build target for: D:\Computer Science\CS 2nd Year 1st Sem\SCS2204 Functional Programming\Tutorial 04\Q2.scala
2023.07.04 18:26:02 WARN  no build target for: D:\Computer Science\CS 2nd Year 1st Sem\SCS2204 Functional Programming\Tutorial 04\Q2.scala
2023.07.04 18:26:06 WARN  no build target for: D:\Computer Science\CS 2nd Year 1st Sem\SCS2204 Functional Programming\Tutorial 04\Q2.scala
2023.07.04 18:26:24 WARN  no build target for: D:\Computer Science\CS 2nd Year 1st Sem\SCS2204 Functional Programming\Tutorial 04\Q2.scala
2023.07.04 18:26:27 WARN  no build target for: D:\Computer Science\CS 2nd Year 1st Sem\SCS2204 Functional Programming\Tutorial 04\Q2.scala
2023.07.04 18:26:30 WARN  no build target for: D:\Computer Science\CS 2nd Year 1st Sem\SCS2204 Functional Programming\Tutorial 04\Q2.scala
2023.07.04 18:26:39 WARN  no build target for: D:\Computer Science\CS 2nd Year 1st Sem\SCS2204 Functional Programming\Tutorial 04\Q2.scala
2023.07.04 18:26:43 WARN  no build target for: D:\Computer Science\CS 2nd Year 1st Sem\SCS2204 Functional Programming\Tutorial 04\Q2.scala
2023.07.04 18:26:46 WARN  no build target for: D:\Computer Science\CS 2nd Year 1st Sem\SCS2204 Functional Programming\Tutorial 04\Q2.scala
2023.07.04 18:26:48 WARN  no build target for: D:\Computer Science\CS 2nd Year 1st Sem\SCS2204 Functional Programming\Tutorial 04\Q2.scala
2023.07.04 18:26:54 WARN  no build target for: D:\Computer Science\CS 2nd Year 1st Sem\SCS2204 Functional Programming\Tutorial 04\Q2.scala
2023.07.04 18:26:57 WARN  no build target for: D:\Computer Science\CS 2nd Year 1st Sem\SCS2204 Functional Programming\Tutorial 04\Q2.scala
2023.07.04 18:26:59 WARN  no build target for: D:\Computer Science\CS 2nd Year 1st Sem\SCS2204 Functional Programming\Tutorial 04\Q2.scala
2023.07.04 18:27:02 WARN  no build target for: D:\Computer Science\CS 2nd Year 1st Sem\SCS2204 Functional Programming\Tutorial 04\Q2.scala
2023.07.04 18:27:04 WARN  no build target for: D:\Computer Science\CS 2nd Year 1st Sem\SCS2204 Functional Programming\Tutorial 04\Q2.scala
Jul 04, 2023 6:28:05 PM org.eclipse.lsp4j.jsonrpc.RemoteEndpoint handleCancellation
WARNING: Unmatched cancel notification for request id 3881
2023.07.04 18:28:06 WARN  no build target for: D:\Computer Science\CS 2nd Year 1st Sem\SCS2204 Functional Programming\Tutorial 04\Q2.scala
2023.07.04 18:28:08 WARN  no build target for: D:\Computer Science\CS 2nd Year 1st Sem\SCS2204 Functional Programming\Tutorial 04\Q2.scala
2023.07.04 18:28:11 WARN  no build target for: D:\Computer Science\CS 2nd Year 1st Sem\SCS2204 Functional Programming\Tutorial 04\Q2.scala
2023.07.04 18:28:12 WARN  no build target for: D:\Computer Science\CS 2nd Year 1st Sem\SCS2204 Functional Programming\Tutorial 04\Q2.scala
2023.07.04 18:28:30 WARN  no build target for: D:\Computer Science\CS 2nd Year 1st Sem\SCS2204 Functional Programming\Tutorial 04\Q3.scala
2023.07.04 18:28:38 WARN  no build target for: D:\Computer Science\CS 2nd Year 1st Sem\SCS2204 Functional Programming\Tutorial 04\Q3.scala
2023.07.04 18:28:41 WARN  no build target for: D:\Computer Science\CS 2nd Year 1st Sem\SCS2204 Functional Programming\Tutorial 04\Q3.scala
2023.07.04 18:28:42 WARN  no build target for: D:\Computer Science\CS 2nd Year 1st Sem\SCS2204 Functional Programming\Tutorial 04\Q3.scala
2023.07.04 18:28:43 WARN  no build target for: D:\Computer Science\CS 2nd Year 1st Sem\SCS2204 Functional Programming\Tutorial 04\Q3.scala
2023.07.04 18:29:31 WARN  no build target for: D:\Computer Science\CS 2nd Year 1st Sem\SCS2204 Functional Programming\Tutorial 04\Q3.scala
2023.07.04 18:29:33 WARN  no build target for: D:\Computer Science\CS 2nd Year 1st Sem\SCS2204 Functional Programming\Tutorial 04\Q3.scala
2023.07.04 18:29:36 WARN  no build target for: D:\Computer Science\CS 2nd Year 1st Sem\SCS2204 Functional Programming\Tutorial 04\Q3.scala
2023.07.04 18:36:26 WARN  no build target for: D:\Computer Science\CS 2nd Year 1st Sem\SCS2204 Functional Programming\Tutorial 04\Q3.scala
2023.07.04 18:36:29 WARN  no build target for: D:\Computer Science\CS 2nd Year 1st Sem\SCS2204 Functional Programming\Tutorial 04\Q3.scala
2023.07.04 18:36:31 WARN  no build target for: D:\Computer Science\CS 2nd Year 1st Sem\SCS2204 Functional Programming\Tutorial 04\Q3.scala
2023.07.04 18:36:37 WARN  no build target for: D:\Computer Science\CS 2nd Year 1st Sem\SCS2204 Functional Programming\Tutorial 04\Q3.scala
2023.07.04 18:36:38 WARN  no build target for: D:\Computer Science\CS 2nd Year 1st Sem\SCS2204 Functional Programming\Tutorial 04\Q3.scala
2023.07.04 18:36:41 WARN  no build target for: D:\Computer Science\CS 2nd Year 1st Sem\SCS2204 Functional Programming\Tutorial 04\Q3.scala
2023.07.04 18:36:42 WARN  no build target for: D:\Computer Science\CS 2nd Year 1st Sem\SCS2204 Functional Programming\Tutorial 04\Q3.scala
2023.07.04 18:36:44 WARN  no build target for: D:\Computer Science\CS 2nd Year 1st Sem\SCS2204 Functional Programming\Tutorial 04\Q3.scala
2023.07.04 18:36:46 WARN  no build target for: D:\Computer Science\CS 2nd Year 1st Sem\SCS2204 Functional Programming\Tutorial 04\Q3.scala
2023.07.04 18:36:51 WARN  no build target for: D:\Computer Science\CS 2nd Year 1st Sem\SCS2204 Functional Programming\Tutorial 04\Q3.scala
2023.07.04 18:36:53 WARN  no build target for: D:\Computer Science\CS 2nd Year 1st Sem\SCS2204 Functional Programming\Tutorial 04\Q3.scala
2023.07.04 18:36:55 WARN  no build target for: D:\Computer Science\CS 2nd Year 1st Sem\SCS2204 Functional Programming\Tutorial 04\Q3.scala
2023.07.04 18:37:00 WARN  no build target for: D:\Computer Science\CS 2nd Year 1st Sem\SCS2204 Functional Programming\Tutorial 04\Q3.scala
2023.07.04 18:37:04 WARN  no build target for: D:\Computer Science\CS 2nd Year 1st Sem\SCS2204 Functional Programming\Tutorial 04\Q3.scala
2023.07.04 18:37:14 WARN  no build target for: D:\Computer Science\CS 2nd Year 1st Sem\SCS2204 Functional Programming\Tutorial 04\Q3.scala
2023.07.04 18:37:17 WARN  no build target for: D:\Computer Science\CS 2nd Year 1st Sem\SCS2204 Functional Programming\Tutorial 04\Q3.scala
2023.07.04 18:37:21 WARN  no build target for: D:\Computer Science\CS 2nd Year 1st Sem\SCS2204 Functional Programming\Tutorial 04\Q3.scala
2023.07.04 18:37:22 WARN  no build target for: D:\Computer Science\CS 2nd Year 1st Sem\SCS2204 Functional Programming\Tutorial 04\Q3.scala
2023.07.04 18:37:24 WARN  no build target for: D:\Computer Science\CS 2nd Year 1st Sem\SCS2204 Functional Programming\Tutorial 04\Q3.scala
2023.07.04 18:37:32 WARN  no build target for: D:\Computer Science\CS 2nd Year 1st Sem\SCS2204 Functional Programming\Tutorial 04\Q3.scala
2023.07.04 18:37:34 WARN  no build target for: D:\Computer Science\CS 2nd Year 1st Sem\SCS2204 Functional Programming\Tutorial 04\Q3.scala
2023.07.04 18:37:37 WARN  no build target for: D:\Computer Science\CS 2nd Year 1st Sem\SCS2204 Functional Programming\Tutorial 04\Q3.scala
2023.07.04 18:37:42 WARN  no build target for: D:\Computer Science\CS 2nd Year 1st Sem\SCS2204 Functional Programming\Tutorial 04\Q3.scala
2023.07.04 18:37:47 WARN  no build target for: D:\Computer Science\CS 2nd Year 1st Sem\SCS2204 Functional Programming\Tutorial 04\Q3.scala
2023.07.04 18:37:49 WARN  no build target for: D:\Computer Science\CS 2nd Year 1st Sem\SCS2204 Functional Programming\Tutorial 04\Q3.scala
2023.07.04 18:37:53 WARN  no build target for: D:\Computer Science\CS 2nd Year 1st Sem\SCS2204 Functional Programming\Tutorial 04\Q3.scala
2023.07.04 18:37:56 WARN  no build target for: D:\Computer Science\CS 2nd Year 1st Sem\SCS2204 Functional Programming\Tutorial 04\Q3.scala
2023.07.04 18:37:59 WARN  no build target for: D:\Computer Science\CS 2nd Year 1st Sem\SCS2204 Functional Programming\Tutorial 04\Q3.scala
2023.07.04 18:38:02 WARN  no build target for: D:\Computer Science\CS 2nd Year 1st Sem\SCS2204 Functional Programming\Tutorial 04\Q3.scala
2023.07.04 18:38:04 WARN  no build target for: D:\Computer Science\CS 2nd Year 1st Sem\SCS2204 Functional Programming\Tutorial 04\Q3.scala
2023.07.04 18:38:05 WARN  no build target for: D:\Computer Science\CS 2nd Year 1st Sem\SCS2204 Functional Programming\Tutorial 04\Q3.scala
2023.07.04 18:38:08 WARN  no build target for: D:\Computer Science\CS 2nd Year 1st Sem\SCS2204 Functional Programming\Tutorial 04\Q3.scala
2023.07.04 18:38:12 WARN  no build target for: D:\Computer Science\CS 2nd Year 1st Sem\SCS2204 Functional Programming\Tutorial 04\Q3.scala
2023.07.04 18:38:14 WARN  no build target for: D:\Computer Science\CS 2nd Year 1st Sem\SCS2204 Functional Programming\Tutorial 04\Q3.scala
2023.07.04 18:38:16 WARN  no build target for: D:\Computer Science\CS 2nd Year 1st Sem\SCS2204 Functional Programming\Tutorial 04\Q3.scala
2023.07.04 18:38:18 WARN  no build target for: D:\Computer Science\CS 2nd Year 1st Sem\SCS2204 Functional Programming\Tutorial 04\Q3.scala
2023.07.04 18:39:03 WARN  no build target for: D:\Computer Science\CS 2nd Year 1st Sem\SCS2204 Functional Programming\Tutorial 04\Q3.scala
2023.07.04 18:39:06 WARN  no build target for: D:\Computer Science\CS 2nd Year 1st Sem\SCS2204 Functional Programming\Tutorial 04\Q3.scala
2023.07.04 18:39:07 WARN  no build target for: D:\Computer Science\CS 2nd Year 1st Sem\SCS2204 Functional Programming\Tutorial 04\Q3.scala
2023.07.04 18:39:09 WARN  no build target for: D:\Computer Science\CS 2nd Year 1st Sem\SCS2204 Functional Programming\Tutorial 04\Q3.scala
2023.07.04 18:39:13 WARN  no build target for: D:\Computer Science\CS 2nd Year 1st Sem\SCS2204 Functional Programming\Tutorial 04\Q3.scala
2023.07.04 18:39:25 WARN  no build target for: D:\Computer Science\CS 2nd Year 1st Sem\SCS2204 Functional Programming\Tutorial 04\Q3.scala
2023.07.04 18:39:30 WARN  no build target for: D:\Computer Science\CS 2nd Year 1st Sem\SCS2204 Functional Programming\Tutorial 04\Q3.scala
2023.07.04 18:39:34 WARN  no build target for: D:\Computer Science\CS 2nd Year 1st Sem\SCS2204 Functional Programming\Tutorial 04\Q3.scala
2023.07.04 18:39:40 WARN  no build target for: D:\Computer Science\CS 2nd Year 1st Sem\SCS2204 Functional Programming\Tutorial 04\Q3.scala
2023.07.04 18:39:44 WARN  no build target for: D:\Computer Science\CS 2nd Year 1st Sem\SCS2204 Functional Programming\Tutorial 04\Q3.scala
2023.07.04 18:39:48 WARN  no build target for: D:\Computer Science\CS 2nd Year 1st Sem\SCS2204 Functional Programming\Tutorial 04\Q3.scala
2023.07.04 18:39:51 WARN  no build target for: D:\Computer Science\CS 2nd Year 1st Sem\SCS2204 Functional Programming\Tutorial 04\Q3.scala
2023.07.04 18:39:53 WARN  no build target for: D:\Computer Science\CS 2nd Year 1st Sem\SCS2204 Functional Programming\Tutorial 04\Q3.scala
2023.07.04 18:39:54 WARN  no build target for: D:\Computer Science\CS 2nd Year 1st Sem\SCS2204 Functional Programming\Tutorial 04\Q3.scala
2023.07.04 18:40:00 WARN  no build target for: D:\Computer Science\CS 2nd Year 1st Sem\SCS2204 Functional Programming\Tutorial 04\Q3.scala
2023.07.04 18:40:06 WARN  no build target for: D:\Computer Science\CS 2nd Year 1st Sem\SCS2204 Functional Programming\Tutorial 04\Q3.scala
2023.07.04 18:40:09 WARN  no build target for: D:\Computer Science\CS 2nd Year 1st Sem\SCS2204 Functional Programming\Tutorial 04\Q3.scala
2023.07.04 18:40:11 WARN  no build target for: D:\Computer Science\CS 2nd Year 1st Sem\SCS2204 Functional Programming\Tutorial 04\Q3.scala
2023.07.04 18:40:18 WARN  no build target for: D:\Computer Science\CS 2nd Year 1st Sem\SCS2204 Functional Programming\Tutorial 04\Q3.scala
2023.07.04 18:41:34 WARN  no build target for: D:\Computer Science\CS 2nd Year 1st Sem\SCS2204 Functional Programming\Tutorial 04\Q3.scala
2023.07.04 18:43:07 WARN  no build target for: D:\Computer Science\CS 2nd Year 1st Sem\SCS2204 Functional Programming\Tutorial 04\Q3.scala
2023.07.04 18:43:11 WARN  no build target for: D:\Computer Science\CS 2nd Year 1st Sem\SCS2204 Functional Programming\Tutorial 04\Q3.scala
2023.07.04 18:43:12 WARN  no build target for: D:\Computer Science\CS 2nd Year 1st Sem\SCS2204 Functional Programming\Tutorial 04\Q3.scala
2023.07.04 18:43:55 WARN  no build target for: D:\Computer Science\CS 2nd Year 1st Sem\SCS2204 Functional Programming\Tutorial 04\Q3.scala
2023.07.04 18:43:59 WARN  no build target for: D:\Computer Science\CS 2nd Year 1st Sem\SCS2204 Functional Programming\Tutorial 04\Q3.scala
2023.07.04 18:44:03 WARN  no build target for: D:\Computer Science\CS 2nd Year 1st Sem\SCS2204 Functional Programming\Tutorial 04\Q3.scala
2023.07.04 18:44:06 WARN  no build target for: D:\Computer Science\CS 2nd Year 1st Sem\SCS2204 Functional Programming\Tutorial 04\Q3.scala
2023.07.04 18:44:08 WARN  no build target for: D:\Computer Science\CS 2nd Year 1st Sem\SCS2204 Functional Programming\Tutorial 04\Q3.scala
2023.07.04 18:44:09 WARN  no build target for: D:\Computer Science\CS 2nd Year 1st Sem\SCS2204 Functional Programming\Tutorial 04\Q3.scala
2023.07.04 18:44:13 WARN  no build target for: D:\Computer Science\CS 2nd Year 1st Sem\SCS2204 Functional Programming\Tutorial 04\Q3.scala
2023.07.04 18:44:17 WARN  no build target for: D:\Computer Science\CS 2nd Year 1st Sem\SCS2204 Functional Programming\Tutorial 04\Q3.scala
2023.07.04 18:44:21 WARN  no build target for: D:\Computer Science\CS 2nd Year 1st Sem\SCS2204 Functional Programming\Tutorial 04\Q3.scala
2023.07.04 18:44:32 WARN  no build target for: D:\Computer Science\CS 2nd Year 1st Sem\SCS2204 Functional Programming\Tutorial 04\Q3.scala
2023.07.04 18:44:34 WARN  no build target for: D:\Computer Science\CS 2nd Year 1st Sem\SCS2204 Functional Programming\Tutorial 04\Q3.scala
2023.07.04 18:44:39 WARN  no build target for: D:\Computer Science\CS 2nd Year 1st Sem\SCS2204 Functional Programming\Tutorial 04\Q3.scala
2023.07.04 18:44:47 WARN  no build target for: D:\Computer Science\CS 2nd Year 1st Sem\SCS2204 Functional Programming\Tutorial 04\Q3.scala
2023.07.04 18:44:48 WARN  no build target for: D:\Computer Science\CS 2nd Year 1st Sem\SCS2204 Functional Programming\Tutorial 04\Q3.scala
2023.07.04 18:44:50 WARN  no build target for: D:\Computer Science\CS 2nd Year 1st Sem\SCS2204 Functional Programming\Tutorial 04\Q3.scala
2023.07.04 18:44:52 WARN  no build target for: D:\Computer Science\CS 2nd Year 1st Sem\SCS2204 Functional Programming\Tutorial 04\Q3.scala
2023.07.04 18:44:59 WARN  no build target for: D:\Computer Science\CS 2nd Year 1st Sem\SCS2204 Functional Programming\Tutorial 04\Q3.scala
2023.07.04 18:45:05 WARN  no build target for: D:\Computer Science\CS 2nd Year 1st Sem\SCS2204 Functional Programming\Tutorial 04\Q3.scala
2023.07.04 18:45:09 WARN  no build target for: D:\Computer Science\CS 2nd Year 1st Sem\SCS2204 Functional Programming\Tutorial 04\Q3.scala
2023.07.04 18:45:12 WARN  no build target for: D:\Computer Science\CS 2nd Year 1st Sem\SCS2204 Functional Programming\Tutorial 04\Q3.scala
2023.07.04 18:45:15 WARN  no build target for: D:\Computer Science\CS 2nd Year 1st Sem\SCS2204 Functional Programming\Tutorial 04\Q3.scala
2023.07.04 18:45:16 WARN  no build target for: D:\Computer Science\CS 2nd Year 1st Sem\SCS2204 Functional Programming\Tutorial 04\Q3.scala
2023.07.04 18:45:19 WARN  no build target for: D:\Computer Science\CS 2nd Year 1st Sem\SCS2204 Functional Programming\Tutorial 04\Q3.scala
2023.07.04 18:45:24 WARN  no build target for: D:\Computer Science\CS 2nd Year 1st Sem\SCS2204 Functional Programming\Tutorial 04\Q3.scala
2023.07.04 18:45:25 WARN  no build target for: D:\Computer Science\CS 2nd Year 1st Sem\SCS2204 Functional Programming\Tutorial 04\Q3.scala
2023.07.04 18:45:26 WARN  no build target for: D:\Computer Science\CS 2nd Year 1st Sem\SCS2204 Functional Programming\Tutorial 04\Q3.scala
2023.07.04 18:45:28 WARN  no build target for: D:\Computer Science\CS 2nd Year 1st Sem\SCS2204 Functional Programming\Tutorial 04\Q3.scala
2023.07.04 18:45:34 WARN  no build target for: D:\Computer Science\CS 2nd Year 1st Sem\SCS2204 Functional Programming\Tutorial 04\Q3.scala
2023.07.04 18:45:36 WARN  no build target for: D:\Computer Science\CS 2nd Year 1st Sem\SCS2204 Functional Programming\Tutorial 04\Q3.scala
2023.07.04 18:45:45 WARN  no build target for: D:\Computer Science\CS 2nd Year 1st Sem\SCS2204 Functional Programming\Tutorial 04\Q3.scala
2023.07.04 18:45:48 WARN  no build target for: D:\Computer Science\CS 2nd Year 1st Sem\SCS2204 Functional Programming\Tutorial 04\Q3.scala
2023.07.04 18:46:15 WARN  no build target for: D:\Computer Science\CS 2nd Year 1st Sem\SCS2204 Functional Programming\Tutorial 04\Q3.scala
2023.07.04 18:46:19 WARN  no build target for: D:\Computer Science\CS 2nd Year 1st Sem\SCS2204 Functional Programming\Tutorial 04\Q3.scala
2023.07.04 18:46:27 WARN  no build target for: D:\Computer Science\CS 2nd Year 1st Sem\SCS2204 Functional Programming\Tutorial 04\Q3.scala
2023.07.04 18:46:32 WARN  no build target for: D:\Computer Science\CS 2nd Year 1st Sem\SCS2204 Functional Programming\Tutorial 04\Q3.scala
2023.07.04 18:46:46 WARN  no build target for: D:\Computer Science\CS 2nd Year 1st Sem\SCS2204 Functional Programming\Tutorial 04\Q3.scala
2023.07.04 18:46:49 WARN  no build target for: D:\Computer Science\CS 2nd Year 1st Sem\SCS2204 Functional Programming\Tutorial 04\Q3.scala
2023.07.04 18:46:51 WARN  no build target for: D:\Computer Science\CS 2nd Year 1st Sem\SCS2204 Functional Programming\Tutorial 04\Q3.scala
2023.07.04 18:46:54 WARN  no build target for: D:\Computer Science\CS 2nd Year 1st Sem\SCS2204 Functional Programming\Tutorial 04\Q3.scala
2023.07.04 18:46:58 WARN  no build target for: D:\Computer Science\CS 2nd Year 1st Sem\SCS2204 Functional Programming\Tutorial 04\Q3.scala
2023.07.04 18:47:03 WARN  no build target for: D:\Computer Science\CS 2nd Year 1st Sem\SCS2204 Functional Programming\Tutorial 04\Q3.scala
2023.07.04 18:47:05 WARN  no build target for: D:\Computer Science\CS 2nd Year 1st Sem\SCS2204 Functional Programming\Tutorial 04\Q3.scala
2023.07.04 18:47:15 WARN  no build target for: D:\Computer Science\CS 2nd Year 1st Sem\SCS2204 Functional Programming\Tutorial 04\Q3.scala
2023.07.04 18:47:17 WARN  no build target for: D:\Computer Science\CS 2nd Year 1st Sem\SCS2204 Functional Programming\Tutorial 04\Q3.scala
2023.07.04 18:47:23 WARN  no build target for: D:\Computer Science\CS 2nd Year 1st Sem\SCS2204 Functional Programming\Tutorial 04\Q3.scala
2023.07.04 18:47:25 WARN  no build target for: D:\Computer Science\CS 2nd Year 1st Sem\SCS2204 Functional Programming\Tutorial 04\Q3.scala
2023.07.04 18:47:27 WARN  no build target for: D:\Computer Science\CS 2nd Year 1st Sem\SCS2204 Functional Programming\Tutorial 04\Q3.scala
2023.07.04 18:47:31 WARN  no build target for: D:\Computer Science\CS 2nd Year 1st Sem\SCS2204 Functional Programming\Tutorial 04\Q3.scala
2023.07.04 18:47:32 WARN  no build target for: D:\Computer Science\CS 2nd Year 1st Sem\SCS2204 Functional Programming\Tutorial 04\Q3.scala
2023.07.04 18:47:34 WARN  no build target for: D:\Computer Science\CS 2nd Year 1st Sem\SCS2204 Functional Programming\Tutorial 04\Q3.scala
2023.07.04 18:47:37 WARN  no build target for: D:\Computer Science\CS 2nd Year 1st Sem\SCS2204 Functional Programming\Tutorial 04\Q3.scala
2023.07.04 18:47:40 WARN  no build target for: D:\Computer Science\CS 2nd Year 1st Sem\SCS2204 Functional Programming\Tutorial 04\Q3.scala
2023.07.04 18:47:43 WARN  no build target for: D:\Computer Science\CS 2nd Year 1st Sem\SCS2204 Functional Programming\Tutorial 04\Q3.scala
2023.07.04 18:47:50 WARN  no build target for: D:\Computer Science\CS 2nd Year 1st Sem\SCS2204 Functional Programming\Tutorial 04\Q3.scala
2023.07.04 18:47:53 WARN  no build target for: D:\Computer Science\CS 2nd Year 1st Sem\SCS2204 Functional Programming\Tutorial 04\Q3.scala
2023.07.04 18:47:58 WARN  no build target for: D:\Computer Science\CS 2nd Year 1st Sem\SCS2204 Functional Programming\Tutorial 04\Q3.scala
2023.07.04 18:48:01 WARN  no build target for: D:\Computer Science\CS 2nd Year 1st Sem\SCS2204 Functional Programming\Tutorial 04\Q3.scala
2023.07.04 18:48:16 WARN  no build target for: D:\Computer Science\CS 2nd Year 1st Sem\SCS2204 Functional Programming\Tutorial 04\Q3.scala
2023.07.04 18:48:17 WARN  no build target for: D:\Computer Science\CS 2nd Year 1st Sem\SCS2204 Functional Programming\Tutorial 04\Q3.scala
2023.07.04 18:48:19 WARN  no build target for: D:\Computer Science\CS 2nd Year 1st Sem\SCS2204 Functional Programming\Tutorial 04\Q3.scala
2023.07.04 18:48:34 WARN  no build target for: D:\Computer Science\CS 2nd Year 1st Sem\SCS2204 Functional Programming\Tutorial 04\Q3.scala
2023.07.04 18:48:36 WARN  no build target for: D:\Computer Science\CS 2nd Year 1st Sem\SCS2204 Functional Programming\Tutorial 04\Q3.scala
2023.07.04 18:48:38 WARN  no build target for: D:\Computer Science\CS 2nd Year 1st Sem\SCS2204 Functional Programming\Tutorial 04\Q3.scala
2023.07.04 18:48:40 WARN  no build target for: D:\Computer Science\CS 2nd Year 1st Sem\SCS2204 Functional Programming\Tutorial 04\Q3.scala
Jul 04, 2023 6:48:42 PM scala.meta.internal.pc.CompilerAccess handleError
SEVERE: assertion failed: NoType
java.lang.AssertionError: assertion failed: NoType
	at scala.runtime.Scala3RunTime$.assertFailed(Scala3RunTime.scala:8)
	at dotty.tools.dotc.core.Types$TypeBounds.<init>(Types.scala:5058)
	at dotty.tools.dotc.core.Types$AliasingBounds.<init>(Types.scala:5137)
	at dotty.tools.dotc.core.Types$TypeAlias.<init>(Types.scala:5159)
	at dotty.tools.dotc.core.Types$TypeAlias$.apply(Types.scala:5192)
	at dotty.tools.dotc.core.Types$Type.bounds(Types.scala:1730)
	at scala.meta.internal.pc.completions.CaseKeywordCompletion$.contribute(MatchCaseCompletions.scala:154)
	at scala.meta.internal.pc.completions.Completions.advancedCompletions(Completions.scala:437)
	at scala.meta.internal.pc.completions.Completions.completions(Completions.scala:187)
	at scala.meta.internal.pc.completions.CompletionProvider.completions(CompletionProvider.scala:86)

2023.07.04 18:48:45 WARN  no build target for: D:\Computer Science\CS 2nd Year 1st Sem\SCS2204 Functional Programming\Tutorial 04\Q3.scala
2023.07.04 18:48:48 WARN  no build target for: D:\Computer Science\CS 2nd Year 1st Sem\SCS2204 Functional Programming\Tutorial 04\Q3.scala
2023.07.04 18:48:52 WARN  no build target for: D:\Computer Science\CS 2nd Year 1st Sem\SCS2204 Functional Programming\Tutorial 04\Q3.scala
2023.07.04 18:48:59 WARN  no build target for: D:\Computer Science\CS 2nd Year 1st Sem\SCS2204 Functional Programming\Tutorial 04\Q3.scala
2023.07.04 18:49:02 WARN  no build target for: D:\Computer Science\CS 2nd Year 1st Sem\SCS2204 Functional Programming\Tutorial 04\Q3.scala
2023.07.04 18:49:04 WARN  no build target for: D:\Computer Science\CS 2nd Year 1st Sem\SCS2204 Functional Programming\Tutorial 04\Q3.scala
2023.07.04 18:49:05 WARN  no build target for: D:\Computer Science\CS 2nd Year 1st Sem\SCS2204 Functional Programming\Tutorial 04\Q3.scala
2023.07.04 18:49:13 WARN  no build target for: D:\Computer Science\CS 2nd Year 1st Sem\SCS2204 Functional Programming\Tutorial 04\Q3.scala
2023.07.04 18:49:18 WARN  no build target for: D:\Computer Science\CS 2nd Year 1st Sem\SCS2204 Functional Programming\Tutorial 04\Q3.scala
2023.07.04 18:49:20 WARN  no build target for: D:\Computer Science\CS 2nd Year 1st Sem\SCS2204 Functional Programming\Tutorial 04\Q3.scala
2023.07.04 18:49:26 WARN  no build target for: D:\Computer Science\CS 2nd Year 1st Sem\SCS2204 Functional Programming\Tutorial 04\Q3.scala
2023.07.04 18:49:27 WARN  no build target for: D:\Computer Science\CS 2nd Year 1st Sem\SCS2204 Functional Programming\Tutorial 04\Q3.scala
2023.07.04 18:49:37 WARN  no build target for: D:\Computer Science\CS 2nd Year 1st Sem\SCS2204 Functional Programming\Tutorial 04\Q3.scala
2023.07.04 18:49:39 WARN  no build target for: D:\Computer Science\CS 2nd Year 1st Sem\SCS2204 Functional Programming\Tutorial 04\Q3.scala
2023.07.04 18:49:44 WARN  no build target for: D:\Computer Science\CS 2nd Year 1st Sem\SCS2204 Functional Programming\Tutorial 04\Q3.scala
2023.07.04 18:49:53 WARN  no build target for: D:\Computer Science\CS 2nd Year 1st Sem\SCS2204 Functional Programming\Tutorial 04\Q3.scala
2023.07.04 18:49:57 WARN  no build target for: D:\Computer Science\CS 2nd Year 1st Sem\SCS2204 Functional Programming\Tutorial 04\Q3.scala
2023.07.04 18:49:59 WARN  no build target for: D:\Computer Science\CS 2nd Year 1st Sem\SCS2204 Functional Programming\Tutorial 04\Q3.scala
2023.07.04 18:50:02 WARN  no build target for: D:\Computer Science\CS 2nd Year 1st Sem\SCS2204 Functional Programming\Tutorial 04\Q3.scala
2023.07.04 18:50:04 WARN  no build target for: D:\Computer Science\CS 2nd Year 1st Sem\SCS2204 Functional Programming\Tutorial 04\Q3.scala
2023.07.04 18:50:07 WARN  no build target for: D:\Computer Science\CS 2nd Year 1st Sem\SCS2204 Functional Programming\Tutorial 04\Q3.scala
2023.07.04 18:50:11 WARN  no build target for: D:\Computer Science\CS 2nd Year 1st Sem\SCS2204 Functional Programming\Tutorial 04\Q3.scala
2023.07.04 18:50:48 WARN  no build target for: D:\Computer Science\CS 2nd Year 1st Sem\SCS2204 Functional Programming\Tutorial 04\Q3.scala
2023.07.04 18:50:52 WARN  no build target for: D:\Computer Science\CS 2nd Year 1st Sem\SCS2204 Functional Programming\Tutorial 04\Q3.scala
2023.07.04 18:51:15 WARN  no build target for: D:\Computer Science\CS 2nd Year 1st Sem\SCS2204 Functional Programming\Tutorial 04\Q3.scala
2023.07.04 18:51:58 WARN  no build target for: D:\Computer Science\CS 2nd Year 1st Sem\SCS2204 Functional Programming\Tutorial 04\Q3.scala
2023.07.04 18:52:26 WARN  no build target for: D:\Computer Science\CS 2nd Year 1st Sem\SCS2204 Functional Programming\Tutorial 04\Q3.scala
2023.07.04 18:52:30 WARN  no build target for: D:\Computer Science\CS 2nd Year 1st Sem\SCS2204 Functional Programming\Tutorial 04\Q3.scala
2023.07.04 18:52:33 WARN  no build target for: D:\Computer Science\CS 2nd Year 1st Sem\SCS2204 Functional Programming\Tutorial 04\Q3.scala
2023.07.04 18:52:35 WARN  no build target for: D:\Computer Science\CS 2nd Year 1st Sem\SCS2204 Functional Programming\Tutorial 04\Q3.scala
2023.07.04 18:52:36 WARN  no build target for: D:\Computer Science\CS 2nd Year 1st Sem\SCS2204 Functional Programming\Tutorial 04\Q3.scala
2023.07.04 18:52:58 WARN  no build target for: D:\Computer Science\CS 2nd Year 1st Sem\SCS2204 Functional Programming\Tutorial 04\Q3.scala
2023.07.04 18:52:59 WARN  no build target for: D:\Computer Science\CS 2nd Year 1st Sem\SCS2204 Functional Programming\Tutorial 04\Q3.scala
2023.07.04 18:53:06 WARN  no build target for: D:\Computer Science\CS 2nd Year 1st Sem\SCS2204 Functional Programming\Tutorial 04\Q3.scala
2023.07.04 18:53:24 WARN  no build target for: D:\Computer Science\CS 2nd Year 1st Sem\SCS2204 Functional Programming\Tutorial 04\Q3.scala
2023.07.04 18:53:26 WARN  no build target for: D:\Computer Science\CS 2nd Year 1st Sem\SCS2204 Functional Programming\Tutorial 04\Q3.scala
2023.07.04 18:53:27 WARN  no build target for: D:\Computer Science\CS 2nd Year 1st Sem\SCS2204 Functional Programming\Tutorial 04\Q3.scala
2023.07.04 18:55:25 WARN  no build target for: D:\Computer Science\CS 2nd Year 1st Sem\SCS2204 Functional Programming\Tutorial 04\Q3.scala
2023.07.04 18:55:59 WARN  no build target for: D:\Computer Science\CS 2nd Year 1st Sem\SCS2204 Functional Programming\Tutorial 04\Q3.scala
2023.07.04 18:56:02 WARN  no build target for: D:\Computer Science\CS 2nd Year 1st Sem\SCS2204 Functional Programming\Tutorial 04\Q3.scala
2023.07.04 18:56:05 WARN  no build target for: D:\Computer Science\CS 2nd Year 1st Sem\SCS2204 Functional Programming\Tutorial 04\Q3.scala
2023.07.04 18:56:06 WARN  no build target for: D:\Computer Science\CS 2nd Year 1st Sem\SCS2204 Functional Programming\Tutorial 04\Q3.scala
2023.07.04 18:56:12 WARN  no build target for: D:\Computer Science\CS 2nd Year 1st Sem\SCS2204 Functional Programming\Tutorial 04\Q3.scala
2023.07.04 18:56:14 WARN  no build target for: D:\Computer Science\CS 2nd Year 1st Sem\SCS2204 Functional Programming\Tutorial 04\Q3.scala
2023.07.04 18:56:16 WARN  no build target for: D:\Computer Science\CS 2nd Year 1st Sem\SCS2204 Functional Programming\Tutorial 04\Q3.scala
2023.07.04 18:56:19 WARN  no build target for: D:\Computer Science\CS 2nd Year 1st Sem\SCS2204 Functional Programming\Tutorial 04\Q3.scala
2023.07.04 18:56:21 WARN  no build target for: D:\Computer Science\CS 2nd Year 1st Sem\SCS2204 Functional Programming\Tutorial 04\Q3.scala
2023.07.04 18:56:26 WARN  no build target for: D:\Computer Science\CS 2nd Year 1st Sem\SCS2204 Functional Programming\Tutorial 04\Q3.scala
2023.07.04 18:56:34 WARN  no build target for: D:\Computer Science\CS 2nd Year 1st Sem\SCS2204 Functional Programming\Tutorial 04\Q3.scala
2023.07.04 18:56:35 WARN  no build target for: D:\Computer Science\CS 2nd Year 1st Sem\SCS2204 Functional Programming\Tutorial 04\Q3.scala
2023.07.04 18:56:38 WARN  no build target for: D:\Computer Science\CS 2nd Year 1st Sem\SCS2204 Functional Programming\Tutorial 04\Q3.scala
2023.07.04 18:56:40 WARN  no build target for: D:\Computer Science\CS 2nd Year 1st Sem\SCS2204 Functional Programming\Tutorial 04\Q3.scala
2023.07.04 18:56:42 WARN  no build target for: D:\Computer Science\CS 2nd Year 1st Sem\SCS2204 Functional Programming\Tutorial 04\Q3.scala
2023.07.04 18:56:45 WARN  no build target for: D:\Computer Science\CS 2nd Year 1st Sem\SCS2204 Functional Programming\Tutorial 04\Q3.scala
2023.07.04 18:57:36 WARN  no build target for: D:\Computer Science\CS 2nd Year 1st Sem\SCS2204 Functional Programming\Tutorial 04\Q3.scala
2023.07.04 18:57:37 WARN  no build target for: D:\Computer Science\CS 2nd Year 1st Sem\SCS2204 Functional Programming\Tutorial 04\Q3.scala
2023.07.04 18:58:00 WARN  no build target for: D:\Computer Science\CS 2nd Year 1st Sem\SCS2204 Functional Programming\Tutorial 04\Q3.scala
2023.07.04 18:58:34 WARN  no build target for: D:\Computer Science\CS 2nd Year 1st Sem\SCS2204 Functional Programming\Tutorial 04\Q3.scala
2023.07.04 18:58:58 WARN  no build target for: D:\Computer Science\CS 2nd Year 1st Sem\SCS2204 Functional Programming\Tutorial 04\Q3.scala
2023.07.04 18:59:17 WARN  no build target for: D:\Computer Science\CS 2nd Year 1st Sem\SCS2204 Functional Programming\Tutorial 04\Q3.scala
2023.07.04 18:59:21 WARN  no build target for: D:\Computer Science\CS 2nd Year 1st Sem\SCS2204 Functional Programming\Tutorial 04\Q3.scala
Jul 04, 2023 7:00:45 PM org.eclipse.lsp4j.jsonrpc.RemoteEndpoint handleCancellation
WARNING: Unmatched cancel notification for request id 7331
2023.07.04 19:00:45 WARN  no build target for: D:\Computer Science\CS 2nd Year 1st Sem\SCS2204 Functional Programming\Tutorial 04\Q3.scala
2023.07.04 19:00:47 WARN  no build target for: D:\Computer Science\CS 2nd Year 1st Sem\SCS2204 Functional Programming\Tutorial 04\Q3.scala
2023.07.04 19:00:49 WARN  no build target for: D:\Computer Science\CS 2nd Year 1st Sem\SCS2204 Functional Programming\Tutorial 04\Q3.scala
2023.07.04 19:00:53 WARN  no build target for: D:\Computer Science\CS 2nd Year 1st Sem\SCS2204 Functional Programming\Tutorial 04\Q3.scala
2023.07.04 19:01:29 WARN  no build target for: D:\Computer Science\CS 2nd Year 1st Sem\SCS2204 Functional Programming\Tutorial 04\Q3.scala
2023.07.04 19:01:30 WARN  no build target for: D:\Computer Science\CS 2nd Year 1st Sem\SCS2204 Functional Programming\Tutorial 04\Q3.scala
2023.07.04 19:01:35 WARN  no build target for: D:\Computer Science\CS 2nd Year 1st Sem\SCS2204 Functional Programming\Tutorial 04\Q3.scala
2023.07.04 19:02:15 WARN  no build target for: D:\Computer Science\CS 2nd Year 1st Sem\SCS2204 Functional Programming\Tutorial 04\Q3.scala
2023.07.04 19:02:19 WARN  no build target for: D:\Computer Science\CS 2nd Year 1st Sem\SCS2204 Functional Programming\Tutorial 04\Q3.scala
2023.07.04 19:03:02 WARN  no build target for: D:\Computer Science\CS 2nd Year 1st Sem\SCS2204 Functional Programming\Tutorial 04\Q3.scala
2023.07.04 19:03:08 INFO  Shutting down server
2023.07.04 19:03:08 INFO  shutting down Metals
2023.07.04 19:03:08 INFO  Exiting server
